Escribe el nombre del trabajador: Escribe la edad del trabajador: Escribe la estatura del trabajador: Escribe el sexo del trabajador [M: Masculino | F: Femenino]: Seleccione una opción válida
Escribe el sexo del trabajador [M: Masculino | F: Femenino]: Seleccione una opción válida
Escribe el sexo del trabajador [M: Masculino | F: Femenino]: Seleccione una opción válida
Escribe el sexo del trabajador [M: Masculino | F: Femenino]: Seleccione una opción válida
Escribe el sexo del trabajador [M: Masculino | F: Femenino]: Seleccione una opción válida
Escribe el sexo del trabajador [M: Masculino | F: Femenino]: Escribe el estado cívil del trabajador [C: Casado | S: Soltero]: ¿Esta seguro de continuar? [1.-SI|2.-NO]: Seleccione una opción válida
¿Esta seguro de continuar? [1.-SI|2.-NO]: Escribe el nombre del trabajador: Escribe la edad del trabajador: Escribe la estatura del trabajador: Escribe el sexo del trabajador [M: Masculino | F: Femenino]: Seleccione una opción válida
Escribe el sexo del trabajador [M: Masculino | F: Femenino]: Seleccione una opción válida
Escribe el sexo del trabajador [M: Masculino | F: Femenino]: Escribe el estado cívil del trabajador [C: Casado | S: Soltero]: ¿Esta seguro de continuar? [1.-SI|2.-NO]: MENU PRINCIPAL
1. Mostrar los Datos
2. Cambiar Datos
3. Salir
Escoge una opción: Seleccione una opción válida
MENU PRINCIPAL
1. Mostrar los Datos
2. Cambiar Datos
3. Salir
Escoge una opción: MENU EDITAR
1.- Modificar nombre
2.- Modificar edad
3.- Modificar estatura
4.- Modificar sexo
5.- Modificar estado civil (C.- Casado o S.- Soltero)
6.- Regresar al menú principal
Escoge una opción: Editar el nombre
Ingrese el nuevo nombre: ¿Esta seguro de continuar? [1.-SI|2.-NO]: MENU EDITAR
1.- Modificar nombre
2.- Modificar edad
3.- Modificar estatura
4.- Modificar sexo
5.- Modificar estado civil (C.- Casado o S.- Soltero)
6.- Regresar al menú principal
Escoge una opción: Editar el nombre
Ingrese el nuevo nombre: ¿Esta seguro de continuar? [1.-SI|2.-NO]: MENU EDITAR
1.- Modificar nombre
2.- Modificar edad
3.- Modificar estatura
4.- Modificar sexo
5.- Modificar estado civil (C.- Casado o S.- Soltero)
6.- Regresar al menú principal
Escoge una opción: Editar la edad
Ingrese la nueva edad: ¿Esta seguro de continuar? [1.-SI|2.-NO]: MENU EDITAR
1.- Modificar nombre
2.- Modificar edad
3.- Modificar estatura
4.- Modificar sexo
5.- Modificar estado civil (C.- Casado o S.- Soltero)
6.- Regresar al menú principal
Escoge una opción: MENU PRINCIPAL
1. Mostrar los Datos
2. Cambiar Datos
3. Salir
Escoge una opción: MOSTRAR LOS DATOS
Nombre: Gandy Esaú
Edad: 22
Estatura: 1.68
Sexo: M
Estado cívil: Soltero
MENU PRINCIPAL
1. Mostrar los Datos
2. Cambiar Datos
3. Salir
Escoge una opción: 